#
# There is insufficient memory for the Java Runtime Environment to continue.
# Native memory allocation (malloc) failed to allocate 32744 bytes. Error detail: Chunk::new
# Possible reasons:
#   The system is out of physical RAM or swap space
#   This process is running with CompressedOops enabled, and the Java Heap may be blocking the growth of the native heap
# Possible solutions:
#   Reduce memory load on the system
#   Increase physical memory or swap space
#   Check if swap backing store is full
#   Decrease Java heap size (-Xmx/-Xms)
#   Decrease number of Java threads
#   Decrease Java thread stack sizes (-Xss)
#   Set larger code cache with -XX:ReservedCodeCacheSize=
#   JVM is running with Zero Based Compressed Oops mode in which the Java heap is
#     placed in the first 32GB address space. The Java Heap base address is the
#     maximum limit for the native heap growth. Please use -XX:HeapBaseMinAddress
#     to set the Java Heap base and to place the Java Heap above 32GB virtual address.
# This output file may be truncated or incomplete.
#
#  Out of Memory Error (arena.cpp:168), pid=16344, tid=18096
#
# JRE version: OpenJDK Runtime Environment Temurin-21.0.6+7 (21.0.6+7) (build 21.0.6+7-LTS)
# Java VM: OpenJDK 64-Bit Server VM Temurin-21.0.6+7 (21.0.6+7-LTS, mixed mode, sharing, tiered, compressed oops, compressed class ptrs, g1 gc, windows-amd64)
# No core dump will be written. Minidumps are not enabled by default on client versions of Windows
#

---------------  S U M M A R Y ------------

Command Line: -Dfile.encoding=UTF-8 -Dstdout.encoding=UTF-8 -Dstderr.encoding=UTF-8 -XX:+ShowCodeDetailsInExceptionMessages br.dev.rogerribeiro.tarefas.Main

Host: AMD Ryzen 5 3500 6-Core Processor              , 6 cores, 15G,  Windows 11 , 64 bit Build 26100 (10.0.26100.4202)
Time: Sun Jun 15 17:00:14 2025 Hora oficial do Brasil elapsed time: 2.085070 seconds (0d 0h 0m 2s)

---------------  T H R E A D  ---------------

Current thread (0x0000025a78ae5d90):  JavaThread "C1 CompilerThread0" daemon [_thread_in_native, id=18096, stack(0x000000ac69300000,0x000000ac69400000) (1024K)]


Current CompileTask:
C1:2085 1018   !   3       java.awt.DefaultKeyboardFocusManager::dispatchEvent (1625 bytes)

Stack: [0x000000ac69300000,0x000000ac69400000]
Native frames: (J=compiled Java code, j=interpreted, Vv=VM code, C=native code)
V  [jvm.dll+0x6cdee9]
V  [jvm.dll+0x8a83d1]
V  [jvm.dll+0x8aa8fe]
V  [jvm.dll+0x8aafe3]
V  [jvm.dll+0x27f706]
V  [jvm.dll+0xc500d]
V  [jvm.dll+0xc5543]
V  [jvm.dll+0x194f53]
V  [jvm.dll+0x19501d]
V  [jvm.dll+0x19755f]
V  [jvm.dll+0x198b24]
V  [jvm.dll+0x1537e3]
V  [jvm.dll+0x153028]
V  [jvm.dll+0x153274]
V  [jvm.dll+0x1526a6]
V  [jvm.dll+0x15447d]
V  [jvm.dll+0x25685a]
V  [jvm.dll+0x254dfa]
V  [jvm.dll+0x3f0256]
V  [jvm.dll+0x851f8b]
V  [jvm.dll+0x6cc5ed]
C  [ucrtbase.dll+0x37b0]
C  [KERNEL32.DLL+0x2e8d7]
C  [ntdll.dll+0x3c34c]


---------------  P R O C E S S  ---------------

Threads class SMR info:
_java_thread_list=0x0000025a7d8b35d0, length=16, elements={
0x0000025a78aaac10, 0x0000025a78ab2430, 0x0000025a78ab5990, 0x0000025a78ab6790,
0x0000025a78ab91f0, 0x0000025a78abac50, 0x0000025a78abb9d0, 0x0000025a78ae5d90,
0x0000025a78c01d50, 0x0000025a78c06580, 0x0000025a78dc6020, 0x0000025a78dd3160,
0x0000025a78dd8460, 0x0000025a7d899e20, 0x0000025a7d9edbc0, 0x0000025a6b512210
}

Java Threads: ( => current thread )
  0x0000025a78aaac10 JavaThread "Reference Handler"          daemon [_thread_blocked, id=17368, stack(0x000000ac68c00000,0x000000ac68d00000) (1024K)]
  0x0000025a78ab2430 JavaThread "Finalizer"                  daemon [_thread_blocked, id=18264, stack(0x000000ac68d00000,0x000000ac68e00000) (1024K)]
  0x0000025a78ab5990 JavaThread "Signal Dispatcher"          daemon [_thread_blocked, id=12140, stack(0x000000ac68e00000,0x000000ac68f00000) (1024K)]
  0x0000025a78ab6790 JavaThread "Attach Listener"            daemon [_thread_blocked, id=17332, stack(0x000000ac68f00000,0x000000ac69000000) (1024K)]
  0x0000025a78ab91f0 JavaThread "Service Thread"             daemon [_thread_blocked, id=1796, stack(0x000000ac69000000,0x000000ac69100000) (1024K)]
  0x0000025a78abac50 JavaThread "Monitor Deflation Thread"   daemon [_thread_blocked, id=11952, stack(0x000000ac69100000,0x000000ac69200000) (1024K)]
  0x0000025a78abb9d0 JavaThread "C2 CompilerThread0"         daemon [_thread_blocked, id=16088, stack(0x000000ac69200000,0x000000ac69300000) (1024K)]
=>0x0000025a78ae5d90 JavaThread "C1 CompilerThread0"         daemon [_thread_in_native, id=18096, stack(0x000000ac69300000,0x000000ac69400000) (1024K)]
  0x0000025a78c01d50 JavaThread "Notification Thread"        daemon [_thread_blocked, id=11508, stack(0x000000ac69400000,0x000000ac69500000) (1024K)]
  0x0000025a78c06580 JavaThread "Common-Cleaner"             daemon [_thread_blocked, id=13372, stack(0x000000ac69500000,0x000000ac69600000) (1024K)]
  0x0000025a78dc6020 JavaThread "Java2D Disposer"            daemon [_thread_blocked, id=16416, stack(0x000000ac69600000,0x000000ac69700000) (1024K)]
  0x0000025a78dd3160 JavaThread "AWT-Shutdown"                      [_thread_blocked, id=1648, stack(0x000000ac69700000,0x000000ac69800000) (1024K)]
  0x0000025a78dd8460 JavaThread "AWT-Windows"                daemon [_thread_in_native, id=15692, stack(0x000000ac69800000,0x000000ac69900000) (1024K)]
  0x0000025a7d899e20 JavaThread "AWT-EventQueue-0"                  [_thread_blocked, id=25676, stack(0x000000ac69b00000,0x000000ac69c00000) (1024K)]
  0x0000025a7d9edbc0 JavaThread "D3D Screen Updater"         daemon [_thread_blocked, id=26412, stack(0x000000ac69c00000,0x000000ac69d00000) (1024K)]
  0x0000025a6b512210 JavaThread "DestroyJavaVM"                     [_thread_blocked, id=26284, stack(0x000000ac68400000,0x000000ac68500000) (1024K)]
Total: 16

Other Threads:
  0x0000025a78a93890 VMThread "VM Thread"                           [id=3776, stack(0x000000ac68b00000,0x000000ac68c00000) (1024K)]
  0x0000025a78a771b0 WatcherThread "VM Periodic Task Thread"        [id=4284, stack(0x000000ac68a00000,0x000000ac68b00000) (1024K)]
  0x0000025a6d9a07a0 WorkerThread "GC Thread#0"                     [id=15304, stack(0x000000ac68500000,0x000000ac68600000) (1024K)]
  0x0000025a6d9b1560 ConcurrentGCThread "G1 Main Marker"            [id=26296, stack(0x000000ac68600000,0x000000ac68700000) (1024K)]
  0x0000025a6d9b2b80 WorkerThread "G1 Conc#0"                       [id=2224, stack(0x000000ac68700000,0x000000ac68800000) (1024K)]
  0x0000025a6d9feb40 ConcurrentGCThread "G1 Refine#0"               [id=7848, stack(0x000000ac68800000,0x000000ac68900000) (1024K)]
  0x0000025a78935680 ConcurrentGCThread "G1 Service"                [id=14800, stack(0x000000ac68900000,0x000000ac68a00000) (1024K)]
Total: 7

Threads with active compile tasks:
C1 CompilerThread0  2179 1018   !   3       java.awt.DefaultKeyboardFocusManager::dispatchEvent (1625 bytes)
Total: 1

VM state: not at safepoint (normal execution)

VM Mutex/Monitor currently owned by a thread: None

Heap address: 0x0000000701200000, size: 4078 MB, Compressed Oops mode: Zero based, Oop shift amount: 3

CDS archive(s) mapped at: [0x0000025a0f000000-0x0000025a0fc80000-0x0000025a0fc80000), size 13107200, SharedBaseAddress: 0x0000025a0f000000, ArchiveRelocationMode: 1.
Compressed class space mapped at: 0x0000025a10000000-0x0000025a50000000, reserved size: 1073741824
Narrow klass base: 0x0000025a0f000000, Narrow klass shift: 0, Narrow klass range: 0x100000000

GC Precious Log:
 CardTable entry size: 512
 Card Set container configuration: InlinePtr #cards 4 size 8 Array Of Cards #cards 16 size 48 Howl #buckets 8 coarsen threshold 3686 Howl Bitmap #cards 512 size 80 coarsen threshold 460 Card regions per heap region 1 cards per card region 4096
 CPUs: 6 total, 6 available
 Memory: 16309M
 Large Page Support: Disabled
 NUMA Support: Disabled
 Compressed Oops: Enabled (Zero based)
 Heap Region Size: 2M
 Heap Min Capacity: 8M
 Heap Initial Capacity: 256M
 Heap Max Capacity: 4078M
 Pre-touch: Disabled
 Parallel Workers: 6
 Concurrent Workers: 2
 Concurrent Refinement Workers: 6
 Periodic GC: Disabled

Heap:
 garbage-first heap   total 262144K, used 8192K [0x0000000701200000, 0x0000000800000000)
  region size 2048K, 5 young (10240K), 0 survivors (0K)
 Metaspace       used 8506K, committed 8704K, reserved 1114112K
  class space    used 955K, committed 1024K, reserved 1048576K

Heap Regions: E=young(eden), S=young(survivor), O=old, HS=humongous(starts), HC=humongous(continues), CS=collection set, F=free, TAMS=top-at-mark-start, PB=parsable bottom
|   0|0x0000000701200000, 0x0000000701200000, 0x0000000701400000|  0%| F|  |TAMS 0x0000000701200000| PB 0x0000000701200000| Untracked 
|   1|0x0000000701400000, 0x0000000701400000, 0x0000000701600000|  0%| F|  |TAMS 0x0000000701400000| PB 0x0000000701400000| Untracked 
|   2|0x0000000701600000, 0x0000000701600000, 0x0000000701800000|  0%| F|  |TAMS 0x0000000701600000| PB 0x0000000701600000| Untracked 
|   3|0x0000000701800000, 0x0000000701800000, 0x0000000701a00000|  0%| F|  |TAMS 0x0000000701800000| PB 0x0000000701800000| Untracked 
|   4|0x0000000701a00000, 0x0000000701a00000, 0x0000000701c00000|  0%| F|  |TAMS 0x0000000701a00000| PB 0x0000000701a00000| Untracked 
|   5|0x0000000701c00000, 0x0000000701c00000, 0x0000000701e00000|  0%| F|  |TAMS 0x0000000701c00000| PB 0x0000000701c00000| Untracked 
|   6|0x0000000701e00000, 0x0000000701e00000, 0x0000000702000000|  0%| F|  |TAMS 0x0000000701e00000| PB 0x0000000701e00000| Untracked 
|   7|0x0000000702000000, 0x0000000702000000, 0x0000000702200000|  0%| F|  |TAMS 0x0000000702000000| PB 0x0000000702000000| Untracked 
|   8|0x0000000702200000, 0x0000000702200000, 0x0000000702400000|  0%| F|  |TAMS 0x0000000702200000| PB 0x0000000702200000| Untracked 
|   9|0x0000000702400000, 0x0000000702400000, 0x0000000702600000|  0%| F|  |TAMS 0x0000000702400000| PB 0x0000000702400000| Untracked 
|  10|0x0000000702600000, 0x0000000702600000, 0x0000000702800000|  0%| F|  |TAMS 0x0000000702600000| PB 0x0000000702600000| Untracked 
|  11|0x0000000702800000, 0x0000000702800000, 0x0000000702a00000|  0%| F|  |TAMS 0x0000000702800000| PB 0x0000000702800000| Untracked 
|  12|0x0000000702a00000, 0x0000000702a00000, 0x0000000702c00000|  0%| F|  |TAMS 0x0000000702a00000| PB 0x0000000702a00000| Untracked 
|  13|0x0000000702c00000, 0x0000000702c00000, 0x0000000702e00000|  0%| F|  |TAMS 0x0000000702c00000| PB 0x0000000702c00000| Untracked 
|  14|0x0000000702e00000, 0x0000000702e00000, 0x0000000703000000|  0%| F|  |TAMS 0x0000000702e00000| PB 0x0000000702e00000| Untracked 
|  15|0x0000000703000000, 0x0000000703000000, 0x0000000703200000|  0%| F|  |TAMS 0x0000000703000000| PB 0x0000000703000000| Untracked 
|  16|0x0000000703200000, 0x0000000703200000, 0x0000000703400000|  0%| F|  |TAMS 0x0000000703200000| PB 0x0000000703200000| Untracked 
|  17|0x0000000703400000, 0x0000000703400000, 0x0000000703600000|  0%| F|  |TAMS 0x0000000703400000| PB 0x0000000703400000| Untracked 
|  18|0x0000000703600000, 0x0000000703600000, 0x0000000703800000|  0%| F|  |TAMS 0x0000000703600000| PB 0x0000000703600000| Untracked 
|  19|0x0000000703800000, 0x0000000703800000, 0x0000000703a00000|  0%| F|  |TAMS 0x0000000703800000| PB 0x0000000703800000| Untracked 
|  20|0x0000000703a00000, 0x0000000703a00000, 0x0000000703c00000|  0%| F|  |TAMS 0x0000000703a00000| PB 0x0000000703a00000| Untracked 
|  21|0x0000000703c00000, 0x0000000703c00000, 0x0000000703e00000|  0%| F|  |TAMS 0x0000000703c00000| PB 0x0000000703c00000| Untracked 
|  22|0x0000000703e00000, 0x0000000703e00000, 0x0000000704000000|  0%| F|  |TAMS 0x0000000703e00000| PB 0x0000000703e00000| Untracked 
|  23|0x0000000704000000, 0x0000000704000000, 0x0000000704200000|  0%| F|  |TAMS 0x0000000704000000| PB 0x0000000704000000| Untracked 
|  24|0x0000000704200000, 0x0000000704200000, 0x0000000704400000|  0%| F|  |TAMS 0x0000000704200000| PB 0x0000000704200000| Untracked 
|  25|0x0000000704400000, 0x0000000704400000, 0x0000000704600000|  0%| F|  |TAMS 0x0000000704400000| PB 0x0000000704400000| Untracked 
|  26|0x0000000704600000, 0x0000000704600000, 0x0000000704800000|  0%| F|  |TAMS 0x0000000704600000| PB 0x0000000704600000| Untracked 
|  27|0x0000000704800000, 0x0000000704800000, 0x0000000704a00000|  0%| F|  |TAMS 0x0000000704800000| PB 0x0000000704800000| Untracked 
|  28|0x0000000704a00000, 0x0000000704a00000, 0x0000000704c00000|  0%| F|  |TAMS 0x0000000704a00000| PB 0x0000000704a00000| Untracked 
|  29|0x0000000704c00000, 0x0000000704c00000, 0x0000000704e00000|  0%| F|  |TAMS 0x0000000704c00000| PB 0x0000000704c00000| Untracked 
|  30|0x0000000704e00000, 0x0000000704e00000, 0x0000000705000000|  0%| F|  |TAMS 0x0000000704e00000| PB 0x0000000704e00000| Untracked 
|  31|0x0000000705000000, 0x0000000705000000, 0x0000000705200000|  0%| F|  |TAMS 0x0000000705000000| PB 0x0000000705000000| Untracked 
|  32|0x0000000705200000, 0x0000000705200000, 0x0000000705400000|  0%| F|  |TAMS 0x0000000705200000| PB 0x0000000705200000| Untracked 
|  33|0x0000000705400000, 0x0000000705400000, 0x0000000705600000|  0%| F|  |TAMS 0x0000000705400000| PB 0x0000000705400000| Untracked 
|  34|0x0000000705600000, 0x0000000705600000, 0x0000000705800000|  0%| F|  |TAMS 0x0000000705600000| PB 0x0000000705600000| Untracked 
|  35|0x0000000705800000, 0x0000000705800000, 0x0000000705a00000|  0%| F|  |TAMS 0x0000000705800000| PB 0x0000000705800000| Untracked 
|  36|0x0000000705a00000, 0x0000000705a00000, 0x0000000705c00000|  0%| F|  |TAMS 0x0000000705a00000| PB 0x0000000705a00000| Untracked 
|  37|0x0000000705c00000, 0x0000000705c00000, 0x0000000705e00000|  0%| F|  |TAMS 0x0000000705c00000| PB 0x0000000705c00000| Untracked 
|  38|0x0000000705e00000, 0x0000000705e00000, 0x0000000706000000|  0%| F|  |TAMS 0x0000000705e00000| PB 0x0000000705e00000| Untracked 
|  39|0x0000000706000000, 0x0000000706000000, 0x0000000706200000|  0%| F|  |TAMS 0x0000000706000000| PB 0x0000000706000000| Untracked 
|  40|0x0000000706200000, 0x0000000706200000, 0x0000000706400000|  0%| F|  |TAMS 0x0000000706200000| PB 0x0000000706200000| Untracked 
|  41|0x0000000706400000, 0x0000000706400000, 0x0000000706600000|  0%| F|  |TAMS 0x0000000706400000| PB 0x0000000706400000| Untracked 
|  42|0x0000000706600000, 0x0000000706600000, 0x0000000706800000|  0%| F|  |TAMS 0x0000000706600000| PB 0x0000000706600000| Untracked 
|  43|0x0000000706800000, 0x0000000706800000, 0x0000000706a00000|  0%| F|  |TAMS 0x0000000706800000| PB 0x0000000706800000| Untracked 
|  44|0x0000000706a00000, 0x0000000706a00000, 0x0000000706c00000|  0%| F|  |TAMS 0x0000000706a00000| PB 0x0000000706a00000| Untracked 
|  45|0x0000000706c00000, 0x0000000706c00000, 0x0000000706e00000|  0%| F|  |TAMS 0x0000000706c00000| PB 0x0000000706c00000| Untracked 
|  46|0x0000000706e00000, 0x0000000706e00000, 0x0000000707000000|  0%| F|  |TAMS 0x0000000706e00000| PB 0x0000000706e00000| Untracked 
|  47|0x0000000707000000, 0x0000000707000000, 0x0000000707200000|  0%| F|  |TAMS 0x0000000707000000| PB 0x0000000707000000| Untracked 
|  48|0x0000000707200000, 0x0000000707200000, 0x0000000707400000|  0%| F|  |TAMS 0x0000000707200000| PB 0x0000000707200000| Untracked 
|  49|0x0000000707400000, 0x0000000707400000, 0x0000000707600000|  0%| F|  |TAMS 0x0000000707400000| PB 0x0000000707400000| Untracked 
|  50|0x0000000707600000, 0x0000000707600000, 0x0000000707800000|  0%| F|  |TAMS 0x0000000707600000| PB 0x0000000707600000| Untracked 
|  51|0x0000000707800000, 0x0000000707800000, 0x0000000707a00000|  0%| F|  |TAMS 0x0000000707800000| PB 0x0000000707800000| Untracked 
|  52|0x0000000707a00000, 0x0000000707a00000, 0x0000000707c00000|  0%| F|  |TAMS 0x0000000707a00000| PB 0x0000000707a00000| Untracked 
|  53|0x0000000707c00000, 0x0000000707c00000, 0x0000000707e00000|  0%| F|  |TAMS 0x0000000707c00000| PB 0x0000000707c00000| Untracked 
|  54|0x0000000707e00000, 0x0000000707e00000, 0x0000000708000000|  0%| F|  |TAMS 0x0000000707e00000| PB 0x0000000707e00000| Untracked 
|  55|0x0000000708000000, 0x0000000708000000, 0x0000000708200000|  0%| F|  |TAMS 0x0000000708000000| PB 0x0000000708000000| Untracked 
|  56|0x0000000708200000, 0x0000000708200000, 0x0000000708400000|  0%| F|  |TAMS 0x0000000708200000| PB 0x0000000708200000| Untracked 
|  57|0x0000000708400000, 0x0000000708400000, 0x0000000708600000|  0%| F|  |TAMS 0x0000000708400000| PB 0x0000000708400000| Untracked 
|  58|0x0000000708600000, 0x0000000708600000, 0x0000000708800000|  0%| F|  |TAMS 0x0000000708600000| PB 0x0000000708600000| Untracked 
|  59|0x0000000708800000, 0x0000000708800000, 0x0000000708a00000|  0%| F|  |TAMS 0x0000000708800000| PB 0x0000000708800000| Untracked 
|  60|0x0000000708a00000, 0x0000000708a00000, 0x0000000708c00000|  0%| F|  |TAMS 0x0000000708a00000| PB 0x0000000708a00000| Untracked 
|  61|0x0000000708c00000, 0x0000000708c00000, 0x0000000708e00000|  0%| F|  |TAMS 0x0000000708c00000| PB 0x0000000708c00000| Untracked 
|  62|0x0000000708e00000, 0x0000000708e00000, 0x0000000709000000|  0%| F|  |TAMS 0x0000000708e00000| PB 0x0000000708e00000| Untracked 
|  63|0x0000000709000000, 0x0000000709000000, 0x0000000709200000|  0%| F|  |TAMS 0x0000000709000000| PB 0x0000000709000000| Untracked 
|  64|0x0000000709200000, 0x0000000709200000, 0x0000000709400000|  0%| F|  |TAMS 0x0000000709200000| PB 0x0000000709200000| Untracked 
|  65|0x0000000709400000, 0x0000000709400000, 0x0000000709600000|  0%| F|  |TAMS 0x0000000709400000| PB 0x0000000709400000| Untracked 
|  66|0x0000000709600000, 0x0000000709600000, 0x0000000709800000|  0%| F|  |TAMS 0x0000000709600000| PB 0x0000000709600000| Untracked 
|  67|0x0000000709800000, 0x0000000709800000, 0x0000000709a00000|  0%| F|  |TAMS 0x0000000709800000| PB 0x0000000709800000| Untracked 
|  68|0x0000000709a00000, 0x0000000709a00000, 0x0000000709c00000|  0%| F|  |TAMS 0x0000000709a00000| PB 0x0000000709a00000| Untracked 
|  69|0x0000000709c00000, 0x0000000709c00000, 0x0000000709e00000|  0%| F|  |TAMS 0x0000000709c00000| PB 0x0000000709c00000| Untracked 
|  70|0x0000000709e00000, 0x0000000709e00000, 0x000000070a000000|  0%| F|  |TAMS 0x0000000709e00000| PB 0x0000000709e00000| Untracked 
|  71|0x000000070a000000, 0x000000070a000000, 0x000000070a200000|  0%| F|  |TAMS 0x000000070a000000| PB 0x000000070a000000| Untracked 
|  72|0x000000070a200000, 0x000000070a200000, 0x000000070a400000|  0%| F|  |TAMS 0x000000070a200000| PB 0x000000070a200000| Untracked 
|  73|0x000000070a400000, 0x000000070a400000, 0x000000070a600000|  0%| F|  |TAMS 0x000000070a400000| PB 0x000000070a400000| Untracked 
|  74|0x000000070a600000, 0x000000070a600000, 0x000000070a800000|  0%| F|  |TAMS 0x000000070a600000| PB 0x000000070a600000| Untracked 
|  75|0x000000070a800000, 0x000000070a800000, 0x000000070aa00000|  0%| F|  |TAMS 0x000000070a800000| PB 0x000000070a800000| Untracked 
|  76|0x000000070aa00000, 0x000000070aa00000, 0x000000070ac00000|  0%| F|  |TAMS 0x000000070aa00000| PB 0x000000070aa00000| Untracked 
|  77|0x000000070ac00000, 0x000000070ac00000, 0x000000070ae00000|  0%| F|  |TAMS 0x000000070ac00000| PB 0x000000070ac00000| Untracked 
|  78|0x000000070ae00000, 0x000000070ae00000, 0x000000070b000000|  0%| F|  |TAMS 0x000000070ae00000| PB 0x000000070ae00000| Untracked 
|  79|0x000000070b000000, 0x000000070b000000, 0x000000070b200000|  0%| F|  |TAMS 0x000000070b000000| PB 0x000000070b000000| Untracked 
|  80|0x000000070b200000, 0x000000070b200000, 0x000000070b400000|  0%| F|  |TAMS 0x000000070b200000| PB 0x000000070b200000| Untracked 
|  81|0x000000070b400000, 0x000000070b400000, 0x000000070b600000|  0%| F|  |TAMS 0x000000070b400000| PB 0x000000070b400000| Untracked 
|  82|0x000000070b600000, 0x000000070b600000, 0x000000070b800000|  0%| F|  |TAMS 0x000000070b600000| PB 0x000000070b600000| Untracked 
|  83|0x000000070b800000, 0x000000070b800000, 0x000000070ba00000|  0%| F|  |TAMS 0x000000070b800000| PB 0x000000070b800000| Untracked 
|  84|0x000000070ba00000, 0x000000070ba00000, 0x000000070bc00000|  0%| F|  |TAMS 0x000000070ba00000| PB 0x000000070ba00000| Untracked 
|  85|0x000000070bc00000, 0x000000070bc00000, 0x000000070be00000|  0%| F|  |TAMS 0x000000070bc00000| PB 0x000000070bc00000| Untracked 
|  86|0x000000070be00000, 0x000000070be00000, 0x000000070c000000|  0%| F|  |TAMS 0x000000070be00000| PB 0x000000070be00000| Untracked 
|  87|0x000000070c000000, 0x000000070c000000, 0x000000070c200000|  0%| F|  |TAMS 0x000000070c000000| PB 0x000000070c000000| Untracked 
|  88|0x000000070c200000, 0x000000070c200000, 0x000000070c400000|  0%| F|  |TAMS 0x000000070c200000| PB 0x000000070c200000| Untracked 
|  89|0x000000070c400000, 0x000000070c400000, 0x000000070c600000|  0%| F|  |TAMS 0x000000070c400000| PB 0x000000070c400000| Untracked 
|  90|0x000000070c600000, 0x000000070c600000, 0x000000070c800000|  0%| F|  |TAMS 0x000000070c600000| PB 0x000000070c600000| Untracked 
|  91|0x000000070c800000, 0x000000070c800000, 0x000000070ca00000|  0%| F|  |TAMS 0x000000070c800000| PB 0x000000070c800000| Untracked 
|  92|0x000000070ca00000, 0x000000070ca00000, 0x000000070cc00000|  0%| F|  |TAMS 0x000000070ca00000| PB 0x000000070ca00000| Untracked 
|  93|0x000000070cc00000, 0x000000070cc00000, 0x000000070ce00000|  0%| F|  |TAMS 0x000000070cc00000| PB 0x000000070cc00000| Untracked 
|  94|0x000000070ce00000, 0x000000070ce00000, 0x000000070d000000|  0%| F|  |TAMS 0x000000070ce00000| PB 0x000000070ce00000| Untracked 
|  95|0x000000070d000000, 0x000000070d000000, 0x000000070d200000|  0%| F|  |TAMS 0x000000070d000000| PB 0x000000070d000000| Untracked 
|  96|0x000000070d200000, 0x000000070d200000, 0x000000070d400000|  0%| F|  |TAMS 0x000000070d200000| PB 0x000000070d200000| Untracked 
|  97|0x000000070d400000, 0x000000070d400000, 0x000000070d600000|  0%| F|  |TAMS 0x000000070d400000| PB 0x000000070d400000| Untracked 
|  98|0x000000070d600000, 0x000000070d600000, 0x000000070d800000|  0%| F|  |TAMS 0x000000070d600000| PB 0x000000070d600000| Untracked 
|  99|0x000000070d800000, 0x000000070d800000, 0x000000070da00000|  0%| F|  |TAMS 0x000000070d800000| PB 0x000000070d800000| Untracked 
| 100|0x000000070da00000, 0x000000070da00000, 0x000000070dc00000|  0%| F|  |TAMS 0x000000070da00000| PB 0x000000070da00000| Untracked 
| 101|0x000000070dc00000, 0x000000070dc00000, 0x000000070de00000|  0%| F|  |TAMS 0x000000070dc00000| PB 0x000000070dc00000| Untracked 
| 102|0x000000070de00000, 0x000000070de00000, 0x000000070e000000|  0%| F|  |TAMS 0x000000070de00000| PB 0x000000070de00000| Untracked 
| 103|0x000000070e000000, 0x000000070e000000, 0x000000070e200000|  0%| F|  |TAMS 0x000000070e000000| PB 0x000000070e000000| Untracked 
| 104|0x000000070e200000, 0x000000070e200000, 0x000000070e400000|  0%| F|  |TAMS 0x000000070e200000| PB 0x000000070e200000| Untracked 
| 105|0x000000070e400000, 0x000000070e400000, 0x000000070e600000|  0%| F|  |TAMS 0x000000070e400000| PB 0x000000070e400000| Untracked 
| 106|0x000000070e600000, 0x000000070e600000, 0x000000070e800000|  0%| F|  |TAMS 0x000000070e600000| PB 0x000000070e600000| Untracked 
| 107|0x000000070e800000, 0x000000070e800000, 0x000000070ea00000|  0%| F|  |TAMS 0x000000070e800000| PB 0x000000070e800000| Untracked 
| 108|0x000000070ea00000, 0x000000070ea00000, 0x000000070ec00000|  0%| F|  |TAMS 0x000000070ea00000| PB 0x000000070ea00000| Untracked 
| 109|0x000000070ec00000, 0x000000070ec00000, 0x000000070ee00000|  0%| F|  |TAMS 0x000000070ec00000| PB 0x000000070ec00000| Untracked 
| 110|0x000000070ee00000, 0x000000070ee00000, 0x000000070f000000|  0%| F|  |TAMS 0x000000070ee00000| PB 0x000000070ee00000| Untracked 
| 111|0x000000070f000000, 0x000000070f000000, 0x000000070f200000|  0%| F|  |TAMS 0x000000070f000000| PB 0x000000070f000000| Untracked 
| 112|0x000000070f200000, 0x000000070f200000, 0x000000070f400000|  0%| F|  |TAMS 0x000000070f200000| PB 0x000000070f200000| Untracked 
| 113|0x000000070f400000, 0x000000070f400000, 0x000000070f600000|  0%| F|  |TAMS 0x000000070f400000| PB 0x000000070f400000| Untracked 
| 114|0x000000070f600000, 0x000000070f600000, 0x000000070f800000|  0%| F|  |TAMS 0x000000070f600000| PB 0x000000070f600000| Untracked 
| 115|0x000000070f800000, 0x000000070f800000, 0x000000070fa00000|  0%| F|  |TAMS 0x000000070f800000| PB 0x000000070f800000| Untracked 
| 116|0x000000070fa00000, 0x000000070fa00000, 0x000000070fc00000|  0%| F|  |TAMS 0x000000070fa00000| PB 0x000000070fa00000| Untracked 
| 117|0x000000070fc00000, 0x000000070fc00000, 0x000000070fe00000|  0%| F|  |TAMS 0x000000070fc00000| PB 0x000000070fc00000| Untracked 
| 118|0x000000070fe00000, 0x000000070fe00000, 0x0000000710000000|  0%| F|  |TAMS 0x000000070fe00000| PB 0x000000070fe00000| Untracked 
| 119|0x0000000710000000, 0x0000000710000000, 0x0000000710200000|  0%| F|  |TAMS 0x0000000710000000| PB 0x0000000710000000| Untracked 
| 120|0x0000000710200000, 0x0000000710200000, 0x0000000710400000|  0%| F|  |TAMS 0x0000000710200000| PB 0x0000000710200000| Untracked 
| 121|0x0000000710400000, 0x0000000710400000, 0x0000000710600000|  0%| F|  |TAMS 0x0000000710400000| PB 0x0000000710400000| Untracked 
| 122|0x0000000710600000, 0x0000000710600000, 0x0000000710800000|  0%| F|  |TAMS 0x0000000710600000| PB 0x0000000710600000| Untracked 
| 123|0x0000000710800000, 0x00000007108cccf8, 0x0000000710a00000| 40%| E|  |TAMS 0x0000000710800000| PB 0x0000000710800000| Complete 
| 124|0x0000000710a00000, 0x0000000710c00000, 0x0000000710c00000|100%| E|CS|TAMS 0x0000000710a00000| PB 0x0000000710a00000| Complete 
| 125|0x0000000710c00000, 0x0000000710e00000, 0x0000000710e00000|100%| E|CS|TAMS 0x0000000710c00000| PB 0x0000000710c00000| Complete 
| 126|0x0000000710e00000, 0x0000000711000000, 0x0000000711000000|100%| E|CS|TAMS 0x0000000710e00000| PB 0x0000000710e00000| Complete 
| 127|0x0000000711000000, 0x0000000711200000, 0x0000000711200000|100%| E|CS|TAMS 0x0000000711000000| PB 0x0000000711000000| Complete 

Card table byte_map: [0x0000025a71ad0000,0x0000025a722d0000] _byte_map_base: 0x0000025a6e2c7000

Marking Bits: (CMBitMap*) 0x0000025a6d9a0db0
 Bits: [0x0000025a722d0000, 0x0000025a76288000)

Polling page: 0x0000025a6b6c0000

Metaspace:

Usage:
  Non-class:      7.37 MB used.
      Class:    955.00 KB used.
       Both:      8.31 MB used.

Virtual space:
  Non-class space:       64.00 MB reserved,       7.50 MB ( 12%) committed,  1 nodes.
      Class space:        1.00 GB reserved,       1.00 MB ( <1%) committed,  1 nodes.
             Both:        1.06 GB reserved,       8.50 MB ( <1%) committed. 

Chunk freelists:
   Non-Class:  8.46 MB
       Class:  15.01 MB
        Both:  23.47 MB

MaxMetaspaceSize: unlimited
CompressedClassSpaceSize: 1.00 GB
Initial GC threshold: 21.00 MB
Current GC threshold: 21.00 MB
CDS: on
 - commit_granule_bytes: 65536.
 - commit_granule_words: 8192.
 - virtual_space_node_default_size: 8388608.
 - enlarge_chunks_in_place: 1.
 - use_allocation_guard: 0.


Internal statistics:

num_allocs_failed_limit: 0.
num_arena_births: 152.
num_arena_deaths: 0.
num_vsnodes_births: 2.
num_vsnodes_deaths: 0.
num_space_committed: 136.
num_space_uncommitted: 0.
num_chunks_returned_to_freelist: 0.
num_chunks_taken_from_freelist: 201.
num_chunk_merges: 0.
num_chunk_splits: 116.
num_chunks_enlarged: 44.
num_inconsistent_stats: 0.

CodeHeap 'non-profiled nmethods': size=120000Kb used=279Kb max_used=279Kb free=119720Kb
 bounds [0x0000025a07ad0000, 0x0000025a07d40000, 0x0000025a0f000000]
CodeHeap 'profiled nmethods': size=120000Kb used=1549Kb max_used=1549Kb free=118450Kb
 bounds [0x0000025a00000000, 0x0000025a00270000, 0x0000025a07530000]
CodeHeap 'non-nmethods': size=5760Kb used=1520Kb max_used=1535Kb free=4239Kb
 bounds [0x0000025a07530000, 0x0000025a077a0000, 0x0000025a07ad0000]
 total_blobs=1613 nmethods=1019 adapters=499
 compilation: enabled
              stopped_count=0, restarted_count=0
 full_count=0

Compilation events (20 events):
Event: 1.993 Thread 0x0000025a78ae5d90 nmethod 1008 0x0000025a0017f590 code [0x0000025a0017f740, 0x0000025a0017f8a0]
Event: 2.002 Thread 0x0000025a78ae5d90 1009       3       java.awt.EventQueue::coalesceMouseEvent (44 bytes)
Event: 2.002 Thread 0x0000025a78ae5d90 nmethod 1009 0x0000025a0017f990 code [0x0000025a0017fb60, 0x0000025a0017ffe0]
Event: 2.020 Thread 0x0000025a78ae5d90 1010       3       java.util.concurrent.locks.ReentrantLock$NonfairSync::tryAcquire (27 bytes)
Event: 2.020 Thread 0x0000025a78ae5d90 nmethod 1010 0x0000025a00180190 code [0x0000025a00180360, 0x0000025a001805e8]
Event: 2.029 Thread 0x0000025a78ae5d90 1011       3       sun.awt.windows.WGlobalCursorManager::nativeUpdateCursor (8 bytes)
Event: 2.029 Thread 0x0000025a78ae5d90 nmethod 1011 0x0000025a00180690 code [0x0000025a00180860, 0x0000025a00180c30]
Event: 2.029 Thread 0x0000025a78ae5d90 1012       3       sun.awt.GlobalCursorManager::updateCursorLater (23 bytes)
Event: 2.029 Thread 0x0000025a78ae5d90 nmethod 1012 0x0000025a00180d90 code [0x0000025a00180f60, 0x0000025a001811d0]
Event: 2.029 Thread 0x0000025a78ae5d90 1013   !   3       sun.awt.GlobalCursorManager$NativeUpdater::postIfNotPending (48 bytes)
Event: 2.029 Thread 0x0000025a78ae5d90 nmethod 1013 0x0000025a00181310 code [0x0000025a00181520, 0x0000025a00181c20]
Event: 2.029 Thread 0x0000025a78ae5d90 1014       3       java.awt.EventQueue::setCurrentEventAndMostRecentTime (8 bytes)
Event: 2.030 Thread 0x0000025a78ae5d90 nmethod 1014 0x0000025a00181e90 code [0x0000025a001820a0, 0x0000025a00182568]
Event: 2.048 Thread 0x0000025a78abb9d0 1015       4       java.util.ArrayList$Itr::next (66 bytes)
Event: 2.049 Thread 0x0000025a78abb9d0 nmethod 1015 0x0000025a07b14f90 code [0x0000025a07b15120, 0x0000025a07b15298]
Event: 2.065 Thread 0x0000025a78ae5d90 1016       3       java.awt.Window::dispatchEventImpl (23 bytes)
Event: 2.065 Thread 0x0000025a78ae5d90 nmethod 1016 0x0000025a00182790 code [0x0000025a001829a0, 0x0000025a001830c0]
Event: 2.068 Thread 0x0000025a78ae5d90 1017       3       sun.awt.SunToolkit::isTouchKeyboardAutoShowEnabled (4 bytes)
Event: 2.068 Thread 0x0000025a78ae5d90 nmethod 1017 0x0000025a00183290 code [0x0000025a00183420, 0x0000025a00183520]
Event: 2.069 Thread 0x0000025a78ae5d90 1018   !   3       java.awt.DefaultKeyboardFocusManager::dispatchEvent (1625 bytes)

GC Heap History (0 events):
No events

Dll operation events (8 events):
Event: 0.010 Loaded shared library C:\Users\cjoro\Downloads\eclipse-jee-2025-03-R-win32-x86_64\eclipse\plugins\org.eclipse.justj.openjdk.hotspot.jre.full.win32.x86_64_21.0.6.v20250130-0529\jre\bin\java.dll
Event: 0.032 Loaded shared library C:\Users\cjoro\Downloads\eclipse-jee-2025-03-R-win32-x86_64\eclipse\plugins\org.eclipse.justj.openjdk.hotspot.jre.full.win32.x86_64_21.0.6.v20250130-0529\jre\bin\zip.dll
Event: 0.070 Loaded shared library C:\Users\cjoro\Downloads\eclipse-jee-2025-03-R-win32-x86_64\eclipse\plugins\org.eclipse.justj.openjdk.hotspot.jre.full.win32.x86_64_21.0.6.v20250130-0529\jre\bin\jimage.dll
Event: 0.086 Loaded shared library C:\Users\cjoro\Downloads\eclipse-jee-2025-03-R-win32-x86_64\eclipse\plugins\org.eclipse.justj.openjdk.hotspot.jre.full.win32.x86_64_21.0.6.v20250130-0529\jre\bin\awt.dll
Event: 0.838 Loaded shared library C:\Users\cjoro\Downloads\eclipse-jee-2025-03-R-win32-x86_64\eclipse\plugins\org.eclipse.justj.openjdk.hotspot.jre.full.win32.x86_64_21.0.6.v20250130-0529\jre\bin\freetype.dll
Event: 0.839 Loaded shared library C:\Users\cjoro\Downloads\eclipse-jee-2025-03-R-win32-x86_64\eclipse\plugins\org.eclipse.justj.openjdk.hotspot.jre.full.win32.x86_64_21.0.6.v20250130-0529\jre\bin\fontmanager.dll
Event: 0.907 Loaded shared library C:\Users\cjoro\Downloads\eclipse-jee-2025-03-R-win32-x86_64\eclipse\plugins\org.eclipse.justj.openjdk.hotspot.jre.full.win32.x86_64_21.0.6.v20250130-0529\jre\bin\net.dll
Event: 0.909 Loaded shared library C:\Users\cjoro\Downloads\eclipse-jee-2025-03-R-win32-x86_64\eclipse\plugins\org.eclipse.justj.openjdk.hotspot.jre.full.win32.x86_64_21.0.6.v20250130-0529\jre\bin\nio.dll

Deoptimization events (2 events):
Event: 0.856 Thread 0x0000025a6b512210 DEOPT PACKING pc=0x0000025a0001b0cc sp=0x000000ac684fcc10
Event: 0.856 Thread 0x0000025a6b512210 DEOPT UNPACKING pc=0x0000025a07584e42 sp=0x000000ac684fc030 mode 0

Classes loaded (20 events):
Event: 1.559 Loading class javax/swing/plaf/metal/MetalBorders$TableHeaderBorder
Event: 1.559 Loading class javax/swing/plaf/metal/MetalBorders$TableHeaderBorder done
Event: 1.563 Loading class javax/swing/JTable$2
Event: 1.563 Loading class javax/swing/JTable$Resizable3
Event: 1.563 Loading class javax/swing/JTable$Resizable2
Event: 1.563 Loading class javax/swing/JTable$Resizable2 done
Event: 1.563 Loading class javax/swing/JTable$Resizable3 done
Event: 1.563 Loading class javax/swing/JTable$2 done
Event: 1.563 Loading class javax/swing/JTable$5
Event: 1.563 Loading class javax/swing/JTable$5 done
Event: 1.587 Loading class javax/swing/JTable$PrintMode
Event: 1.587 Loading class javax/swing/JTable$PrintMode done
Event: 1.587 Loading class javax/swing/table/DefaultTableCellRenderer$UIResource
Event: 1.587 Loading class javax/swing/table/DefaultTableCellRenderer$UIResource done
Event: 1.602 Loading class java/awt/LightweightDispatcher$2
Event: 1.603 Loading class java/awt/LightweightDispatcher$2 done
Event: 1.604 Loading class javax/swing/RepaintManager$3
Event: 1.604 Loading class javax/swing/RepaintManager$3 done
Event: 2.007 Loading class java/awt/event/MouseWheelEvent
Event: 2.007 Loading class java/awt/event/MouseWheelEvent done

Classes unloaded (0 events):
No events

Classes redefined (0 events):
No events

Internal exceptions (13 events):
Event: 0.076 Thread 0x0000025a6b512210 Exception <a 'java/lang/ClassNotFoundException'{0x00000007111f4328}: sun/awt/resources/spi/awtProvider> (0x00000007111f4328) 
thrown [s\src\hotspot\share\classfile\systemDictionary.cpp, line 312]
Event: 0.100 Thread 0x0000025a6b512210 Exception <a 'java/io/FileNotFoundException'{0x0000000710eb7c10}> (0x0000000710eb7c10) 
thrown [s\src\hotspot\share\prims\jni.cpp, line 520]
Event: 0.110 Thread 0x0000025a6b512210 Exception <a 'java/io/FileNotFoundException'{0x0000000710ee2880}> (0x0000000710ee2880) 
thrown [s\src\hotspot\share\prims\jni.cpp, line 520]
Event: 0.780 Thread 0x0000025a6b512210 Exception <a 'java/lang/NoSuchMethodError'{0x0000000710f769c0}: 'void java.lang.invoke.DirectMethodHandle$Holder.invokeSpecial(java.lang.Object, java.lang.Object, java.lang.Object)'> (0x0000000710f769c0) 
thrown [s\src\hotspot\share\interpreter\linkResolver.cpp, line 773]
Event: 0.787 Thread 0x0000025a6b512210 Exception <a 'java/lang/NoSuchMethodError'{0x0000000710c67f08}: 'java.lang.Object java.lang.invoke.DirectMethodHandle$Holder.newInvokeSpecial(java.lang.Object, java.lang.Object, java.lang.Object, java.lang.Object, java.lang.Object)'> (0x0000000710c67f08) 
thrown [s\src\hotspot\share\interpreter\linkResolver.cpp, line 773]
Event: 0.791 Thread 0x0000025a6b512210 Exception <a 'java/lang/NoSuchMethodError'{0x0000000710c94960}: 'java.lang.Object java.lang.invoke.DirectMethodHandle$Holder.invokeStatic(java.lang.Object, int, java.lang.Object)'> (0x0000000710c94960) 
thrown [s\src\hotspot\share\interpreter\linkResolver.cpp, line 773]
Event: 0.805 Thread 0x0000025a6b512210 Exception <a 'java/lang/ClassNotFoundException'{0x0000000710d37300}: com/sun/swing/internal/plaf/metal/resources/spi/metalProvider> (0x0000000710d37300) 
thrown [s\src\hotspot\share\classfile\systemDictionary.cpp, line 312]
Event: 0.806 Thread 0x0000025a6b512210 Exception <a 'java/lang/ClassNotFoundException'{0x0000000710d3bfe8}: com/sun/swing/internal/plaf/basic/resources/spi/basicProvider> (0x0000000710d3bfe8) 
thrown [s\src\hotspot\share\classfile\systemDictionary.cpp, line 312]
Event: 0.814 Thread 0x0000025a6b512210 Exception <a 'java/lang/NoSuchMethodError'{0x0000000710d5f118}: 'int java.lang.invoke.Invokers$Holder.invokeExact_MT(java.lang.Object, java.lang.Object)'> (0x0000000710d5f118) 
thrown [s\src\hotspot\share\interpreter\linkResolver.cpp, line 773]
Event: 0.834 Thread 0x0000025a6b512210 Exception <a 'java/lang/NoSuchMethodError'{0x0000000710d898a0}: 'void java.lang.invoke.DirectMethodHandle$Holder.invokeStaticInit(java.lang.Object)'> (0x0000000710d898a0) 
thrown [s\src\hotspot\share\interpreter\linkResolver.cpp, line 773]
Event: 0.878 Thread 0x0000025a78dd8460 Exception <a 'java/lang/NoSuchMethodError'{0x0000000710c0f3e8}: 'void java.lang.invoke.DirectMethodHandle$Holder.invokeVirtual(java.lang.Object, java.lang.Object)'> (0x0000000710c0f3e8) 
thrown [s\src\hotspot\share\interpreter\linkResolver.cpp, line 773]
Event: 1.515 Thread 0x0000025a7d899e20 Exception <a 'java/lang/NoSuchMethodError'{0x0000000710bada28}: 'java.lang.Object java.lang.invoke.DirectMethodHandle$Holder.invokeStaticInit(java.lang.Object, int, int, int, int)'> (0x0000000710bada28) 
thrown [s\src\hotspot\share\interpreter\linkResolver.cpp, line 773]
Event: 1.539 Thread 0x0000025a7d899e20 Exception <a 'java/lang/NoSuchMethodError'{0x000000071081e720}: 'java.lang.Object java.lang.invoke.DirectMethodHandle$Holder.invokeStaticInit(java.lang.Object, java.lang.Object, int, int, int, int)'> (0x000000071081e720) 
thrown [s\src\hotspot\share\interpreter\linkResolver.cpp, line 773]

ZGC Phase Switch (0 events):
No events

VM Operations (10 events):
Event: 0.804 Executing VM operation: HandshakeAllThreads (Deoptimize)
Event: 0.804 Executing VM operation: HandshakeAllThreads (Deoptimize) done
Event: 0.827 Executing VM operation: HandshakeAllThreads (Deoptimize)
Event: 0.827 Executing VM operation: HandshakeAllThreads (Deoptimize) done
Event: 1.469 Executing VM operation: HandshakeAllThreads (Deoptimize)
Event: 1.469 Executing VM operation: HandshakeAllThreads (Deoptimize) done
Event: 1.469 Executing VM operation: Cleanup
Event: 1.469 Executing VM operation: Cleanup done
Event: 1.495 Executing VM operation: HandshakeAllThreads (Deoptimize)
Event: 1.495 Executing VM operation: HandshakeAllThreads (Deoptimize) done

Memory protections (0 events):
No events

Nmethod flushes (0 events):
No events

Events (18 events):
Event: 0.021 Thread 0x0000025a6b512210 Thread added: 0x0000025a6b512210
Event: 0.033 Thread 0x0000025a6b512210 Thread added: 0x0000025a78aaac10
Event: 0.033 Thread 0x0000025a6b512210 Thread added: 0x0000025a78ab2430
Event: 0.034 Thread 0x0000025a6b512210 Thread added: 0x0000025a78ab5990
Event: 0.034 Thread 0x0000025a6b512210 Thread added: 0x0000025a78ab6790
Event: 0.034 Thread 0x0000025a6b512210 Thread added: 0x0000025a78ab91f0
Event: 0.034 Thread 0x0000025a6b512210 Thread added: 0x0000025a78abac50
Event: 0.034 Thread 0x0000025a6b512210 Thread added: 0x0000025a78abb9d0
Event: 0.034 Thread 0x0000025a6b512210 Thread added: 0x0000025a78ae5d90
Event: 0.050 Thread 0x0000025a6b512210 Thread added: 0x0000025a78c01d50
Event: 0.053 Thread 0x0000025a6b512210 Thread added: 0x0000025a78c06580
Event: 0.160 Thread 0x0000025a6b512210 Thread added: 0x0000025a78dc6020
Event: 0.161 Thread 0x0000025a6b512210 Thread added: 0x0000025a78dd3160
Event: 0.162 Thread 0x0000025a6b512210 Thread added: 0x0000025a78dd8460
Event: 0.822 Thread 0x0000025a78dd8460 Thread added: 0x0000025a7d899e20
Event: 0.893 Thread 0x0000025a7d899e20 Thread added: 0x0000025a7d9edbc0
Event: 0.893 Thread 0x0000025a6b512210 Thread exited: 0x0000025a6b512210
Event: 0.893 Thread 0x0000025a6b512210 Thread added: 0x0000025a6b512210


Dynamic libraries:
0x00007ff751ea0000 - 0x00007ff751eae000 	C:\Users\cjoro\Downloads\eclipse-jee-2025-03-R-win32-x86_64\eclipse\plugins\org.eclipse.justj.openjdk.hotspot.jre.full.win32.x86_64_21.0.6.v20250130-0529\jre\bin\javaw.exe
0x00007ff896880000 - 0x00007ff896ae5000 	C:\WINDOWS\SYSTEM32\ntdll.dll
0x00007ff8951a0000 - 0x00007ff895269000 	C:\WINDOWS\System32\KERNEL32.DLL
0x00007ff893a00000 - 0x00007ff893de8000 	C:\WINDOWS\System32\KERNELBASE.dll
0x00007ff894440000 - 0x00007ff89458b000 	C:\WINDOWS\System32\ucrtbase.dll
0x00007ff866eb0000 - 0x00007ff866ec8000 	C:\Users\cjoro\Downloads\eclipse-jee-2025-03-R-win32-x86_64\eclipse\plugins\org.eclipse.justj.openjdk.hotspot.jre.full.win32.x86_64_21.0.6.v20250130-0529\jre\bin\jli.dll
0x00007ff865170000 - 0x00007ff86518e000 	C:\Users\cjoro\Downloads\eclipse-jee-2025-03-R-win32-x86_64\eclipse\plugins\org.eclipse.justj.openjdk.hotspot.jre.full.win32.x86_64_21.0.6.v20250130-0529\jre\bin\VCRUNTIME140.dll
0x00007ff8961e0000 - 0x00007ff8963aa000 	C:\WINDOWS\System32\USER32.dll
0x00007ff8939d0000 - 0x00007ff8939f7000 	C:\WINDOWS\System32\win32u.dll
0x00007ff895c20000 - 0x00007ff895c4b000 	C:\WINDOWS\System32\GDI32.dll
0x00007ff893f70000 - 0x00007ff8940a7000 	C:\WINDOWS\System32\gdi32full.dll
0x00007ff894390000 - 0x00007ff894433000 	C:\WINDOWS\System32\msvcp_win.dll
0x00007ff87a6f0000 - 0x00007ff87a98a000 	C:\WINDOWS\WinSxS\amd64_microsoft.windows.common-controls_6595b64144ccf1df_6.0.26100.4202_none_3e0698d4e335f517\COMCTL32.dll
0x00007ff895750000 - 0x00007ff8957f9000 	C:\WINDOWS\System32\msvcrt.dll
0x00007ff8967f0000 - 0x00007ff896820000 	C:\WINDOWS\System32\IMM32.DLL
0x00007ff876490000 - 0x00007ff87649c000 	C:\Users\cjoro\Downloads\eclipse-jee-2025-03-R-win32-x86_64\eclipse\plugins\org.eclipse.justj.openjdk.hotspot.jre.full.win32.x86_64_21.0.6.v20250130-0529\jre\bin\vcruntime140_1.dll
0x00007ff831750000 - 0x00007ff8317dd000 	C:\Users\cjoro\Downloads\eclipse-jee-2025-03-R-win32-x86_64\eclipse\plugins\org.eclipse.justj.openjdk.hotspot.jre.full.win32.x86_64_21.0.6.v20250130-0529\jre\bin\msvcp140.dll
0x00007fffedcf0000 - 0x00007fffeea80000 	C:\Users\cjoro\Downloads\eclipse-jee-2025-03-R-win32-x86_64\eclipse\plugins\org.eclipse.justj.openjdk.hotspot.jre.full.win32.x86_64_21.0.6.v20250130-0529\jre\bin\server\jvm.dll
0x00007ff8950b0000 - 0x00007ff895163000 	C:\WINDOWS\System32\ADVAPI32.dll
0x00007ff895690000 - 0x00007ff895736000 	C:\WINDOWS\System32\sechost.dll
0x00007ff894620000 - 0x00007ff894735000 	C:\WINDOWS\System32\RPCRT4.dll
0x00007ff894760000 - 0x00007ff8947d4000 	C:\WINDOWS\System32\WS2_32.dll
0x00007ff893680000 - 0x00007ff8936de000 	C:\WINDOWS\SYSTEM32\POWRPROF.dll
0x00007ff887580000 - 0x00007ff8875b5000 	C:\WINDOWS\SYSTEM32\WINMM.dll
0x00007ff88c500000 - 0x00007ff88c50b000 	C:\WINDOWS\SYSTEM32\VERSION.dll
0x00007ff893660000 - 0x00007ff893674000 	C:\WINDOWS\SYSTEM32\UMPDC.dll
0x00007ff892790000 - 0x00007ff8927ab000 	C:\WINDOWS\SYSTEM32\kernel.appcore.dll
0x00007ff87d080000 - 0x00007ff87d08a000 	C:\Users\cjoro\Downloads\eclipse-jee-2025-03-R-win32-x86_64\eclipse\plugins\org.eclipse.justj.openjdk.hotspot.jre.full.win32.x86_64_21.0.6.v20250130-0529\jre\bin\jimage.dll
0x00007ff891230000 - 0x00007ff891471000 	C:\WINDOWS\SYSTEM32\DBGHELP.DLL
0x00007ff896460000 - 0x00007ff8967e5000 	C:\WINDOWS\System32\combase.dll
0x00007ff895370000 - 0x00007ff895451000 	C:\WINDOWS\System32\OLEAUT32.dll
0x00007ff874a20000 - 0x00007ff874a59000 	C:\WINDOWS\SYSTEM32\dbgcore.DLL
0x00007ff894170000 - 0x00007ff894209000 	C:\WINDOWS\System32\bcryptPrimitives.dll
0x00007ff86e2b0000 - 0x00007ff86e2cf000 	C:\Users\cjoro\Downloads\eclipse-jee-2025-03-R-win32-x86_64\eclipse\plugins\org.eclipse.justj.openjdk.hotspot.jre.full.win32.x86_64_21.0.6.v20250130-0529\jre\bin\java.dll
0x00007ff894870000 - 0x00007ff894fb2000 	C:\WINDOWS\System32\SHELL32.dll
0x00007ff893df0000 - 0x00007ff893f64000 	C:\WINDOWS\System32\wintypes.dll
0x00007ff891670000 - 0x00007ff891ec8000 	C:\WINDOWS\SYSTEM32\windows.storage.dll
0x00007ff895270000 - 0x00007ff895361000 	C:\WINDOWS\System32\SHCORE.dll
0x00007ff895a40000 - 0x00007ff895aaa000 	C:\WINDOWS\System32\shlwapi.dll
0x00007ff8938b0000 - 0x00007ff8938df000 	C:\WINDOWS\SYSTEM32\profapi.dll
0x00007ff86dfb0000 - 0x00007ff86dfc8000 	C:\Users\cjoro\Downloads\eclipse-jee-2025-03-R-win32-x86_64\eclipse\plugins\org.eclipse.justj.openjdk.hotspot.jre.full.win32.x86_64_21.0.6.v20250130-0529\jre\bin\zip.dll
0x00007ff82e280000 - 0x00007ff82e40e000 	C:\Users\cjoro\Downloads\eclipse-jee-2025-03-R-win32-x86_64\eclipse\plugins\org.eclipse.justj.openjdk.hotspot.jre.full.win32.x86_64_21.0.6.v20250130-0529\jre\bin\awt.dll
0x00007ff890610000 - 0x00007ff8906ae000 	C:\WINDOWS\SYSTEM32\apphelp.dll
0x00007ff890cc0000 - 0x00007ff890cf6000 	C:\WINDOWS\system32\DWMAPI.DLL
0x00007ff890890000 - 0x00007ff89093f000 	C:\WINDOWS\system32\uxtheme.dll
0x00007ff835f80000 - 0x00007ff836094000 	C:\WINDOWS\system32\opengl32.dll
0x00007ff8399d0000 - 0x00007ff8399fd000 	C:\WINDOWS\SYSTEM32\GLU32.dll
0x00007ff890aa0000 - 0x00007ff890aed000 	C:\WINDOWS\SYSTEM32\dxcore.dll
0x00007ff895ab0000 - 0x00007ff895c10000 	C:\WINDOWS\System32\MSCTF.dll
0x00007ff895460000 - 0x00007ff8955fe000 	C:\WINDOWS\System32\ole32.dll
0x00007ff870d80000 - 0x00007ff870f37000 	C:\WINDOWS\system32\d3d9.dll
0x00007ff88c510000 - 0x00007ff88c5d4000 	C:\WINDOWS\System32\DriverStore\FileRepository\nvmdi.inf_amd64_8de72197f4c7fa03\nvldumdx.dll
0x00007ff8930e0000 - 0x00007ff8930f3000 	C:\WINDOWS\SYSTEM32\msasn1.dll
0x00007ff88c3b0000 - 0x00007ff88c3eb000 	C:\WINDOWS\SYSTEM32\cryptnet.dll
0x00007ff894210000 - 0x00007ff894387000 	C:\WINDOWS\System32\CRYPT32.dll
0x00007ff892fd0000 - 0x00007ff892fdc000 	C:\WINDOWS\SYSTEM32\cryptbase.dll
0x00007ff893070000 - 0x00007ff8930d3000 	C:\WINDOWS\SYSTEM32\wldp.dll
0x00007ff88c120000 - 0x00007ff88c29c000 	C:\WINDOWS\SYSTEM32\drvstore.dll
0x00007ff893580000 - 0x00007ff8935ad000 	C:\WINDOWS\SYSTEM32\devobj.dll
0x00007ff8935b0000 - 0x00007ff893607000 	C:\WINDOWS\SYSTEM32\cfgmgr32.dll
0x00007ff894590000 - 0x00007ff894614000 	C:\WINDOWS\System32\wintrust.dll
0x00007ff895170000 - 0x00007ff895190000 	C:\WINDOWS\System32\imagehlp.dll
0x00007ff892fb0000 - 0x00007ff892fcb000 	C:\WINDOWS\SYSTEM32\CRYPTSP.dll
0x00007ff8926f0000 - 0x00007ff89272a000 	C:\WINDOWS\system32\rsaenh.dll
0x00007ff8938f0000 - 0x00007ff893916000 	C:\WINDOWS\SYSTEM32\bcrypt.dll
0x00007ff888e00000 - 0x00007ff88bb10000 	C:\WINDOWS\System32\DriverStore\FileRepository\nvmdi.inf_amd64_8de72197f4c7fa03\nvgpucomp64.dll
0x00007fffebf60000 - 0x00007fffedcec000 	C:\WINDOWS\System32\DriverStore\FileRepository\nvmdi.inf_amd64_8de72197f4c7fa03\nvd3dumx.dll
0x00007ff890af0000 - 0x00007ff890b51000 	C:\WINDOWS\SYSTEM32\directxdatabasehelper.dll
0x00007ff8692d0000 - 0x00007ff8695a0000 	C:\WINDOWS\system32\nvspcap64.dll
0x00007ff8928b0000 - 0x00007ff8928e6000 	C:\WINDOWS\SYSTEM32\ntmarta.dll
0x00007ff892d70000 - 0x00007ff892d97000 	C:\WINDOWS\SYSTEM32\gpapi.dll
0x00007ff84b1e0000 - 0x00007ff84b335000 	C:\WINDOWS\System32\DriverStore\FileRepository\nvmdi.inf_amd64_8de72197f4c7fa03\nvppex.dll
0x00007ff82fff0000 - 0x00007ff830077000 	C:\Users\cjoro\Downloads\eclipse-jee-2025-03-R-win32-x86_64\eclipse\plugins\org.eclipse.justj.openjdk.hotspot.jre.full.win32.x86_64_21.0.6.v20250130-0529\jre\bin\freetype.dll
0x00007ff82f6c0000 - 0x00007ff82f79b000 	C:\Users\cjoro\Downloads\eclipse-jee-2025-03-R-win32-x86_64\eclipse\plugins\org.eclipse.justj.openjdk.hotspot.jre.full.win32.x86_64_21.0.6.v20250130-0529\jre\bin\fontmanager.dll
0x00007ff880a30000 - 0x00007ff880b80000 	C:\WINDOWS\SYSTEM32\textinputframework.dll
0x00007ff87c4b0000 - 0x00007ff87c4c0000 	C:\Users\cjoro\Downloads\eclipse-jee-2025-03-R-win32-x86_64\eclipse\plugins\org.eclipse.justj.openjdk.hotspot.jre.full.win32.x86_64_21.0.6.v20250130-0529\jre\bin\net.dll
0x00007ff88d180000 - 0x00007ff88d29e000 	C:\WINDOWS\SYSTEM32\WINHTTP.dll
0x00007ff892d00000 - 0x00007ff892d6a000 	C:\WINDOWS\system32\mswsock.dll
0x00007ff86dd90000 - 0x00007ff86dda6000 	C:\Users\cjoro\Downloads\eclipse-jee-2025-03-R-win32-x86_64\eclipse\plugins\org.eclipse.justj.openjdk.hotspot.jre.full.win32.x86_64_21.0.6.v20250130-0529\jre\bin\nio.dll
0x00007ff88fd20000 - 0x00007ff88fe45000 	C:\WINDOWS\SYSTEM32\CoreMessaging.dll
0x00007ff88ca80000 - 0x00007ff88cd63000 	C:\WINDOWS\SYSTEM32\CoreUIComponents.dll
0x00007ff892da0000 - 0x00007ff892dcb000 	C:\WINDOWS\SYSTEM32\USERENV.dll
0x00007ff8921c0000 - 0x00007ff8921f3000 	C:\WINDOWS\SYSTEM32\IPHLPAPI.DLL
0x00007ff895740000 - 0x00007ff89574a000 	C:\WINDOWS\System32\NSI.dll

dbghelp: loaded successfully - version: 4.0.5 - missing functions: none
symbol engine: initialized successfully - sym options: 0x614 - pdb path: .;C:\Users\cjoro\Downloads\eclipse-jee-2025-03-R-win32-x86_64\eclipse\plugins\org.eclipse.justj.openjdk.hotspot.jre.full.win32.x86_64_21.0.6.v20250130-0529\jre\bin;C:\WINDOWS\SYSTEM32;C:\WINDOWS\WinSxS\amd64_microsoft.windows.common-controls_6595b64144ccf1df_6.0.26100.4202_none_3e0698d4e335f517;C:\Users\cjoro\Downloads\eclipse-jee-2025-03-R-win32-x86_64\eclipse\plugins\org.eclipse.justj.openjdk.hotspot.jre.full.win32.x86_64_21.0.6.v20250130-0529\jre\bin\server;C:\WINDOWS\System32\DriverStore\FileRepository\nvmdi.inf_amd64_8de72197f4c7fa03

VM Arguments:
jvm_args: -Dfile.encoding=UTF-8 -Dstdout.encoding=UTF-8 -Dstderr.encoding=UTF-8 -XX:+ShowCodeDetailsInExceptionMessages 
java_command: br.dev.rogerribeiro.tarefas.Main
java_class_path (initial): C:\Users\cjoro\Documents\lima-tarefa\lopal_tarefa\bin
Launcher Type: SUN_STANDARD

[Global flags]
     intx CICompilerCount                          = 3                                         {product} {ergonomic}
     uint ConcGCThreads                            = 2                                         {product} {ergonomic}
     uint G1ConcRefinementThreads                  = 6                                         {product} {ergonomic}
   size_t G1HeapRegionSize                         = 2097152                                   {product} {ergonomic}
    uintx GCDrainStackTargetSize                   = 64                                        {product} {ergonomic}
   size_t InitialHeapSize                          = 268435456                                 {product} {ergonomic}
   size_t MarkStackSize                            = 4194304                                   {product} {ergonomic}
   size_t MaxHeapSize                              = 4276092928                                {product} {ergonomic}
   size_t MaxNewSize                               = 2564816896                                {product} {ergonomic}
   size_t MinHeapDeltaBytes                        = 2097152                                   {product} {ergonomic}
   size_t MinHeapSize                              = 8388608                                   {product} {ergonomic}
    uintx NonNMethodCodeHeapSize                   = 5832780                                {pd product} {ergonomic}
    uintx NonProfiledCodeHeapSize                  = 122912730                              {pd product} {ergonomic}
    uintx ProfiledCodeHeapSize                     = 122912730                              {pd product} {ergonomic}
    uintx ReservedCodeCacheSize                    = 251658240                              {pd product} {ergonomic}
     bool SegmentedCodeCache                       = true                                      {product} {ergonomic}
     bool ShowCodeDetailsInExceptionMessages       = true                                   {manageable} {command line}
   size_t SoftMaxHeapSize                          = 4276092928                             {manageable} {ergonomic}
     bool UseCompressedOops                        = true                           {product lp64_product} {ergonomic}
     bool UseG1GC                                  = true                                      {product} {ergonomic}
     bool UseLargePagesIndividualAllocation        = false                                  {pd product} {ergonomic}

Logging:
Log output configuration:
 #0: stdout all=warning uptime,level,tags foldmultilines=false
 #1: stderr all=off uptime,level,tags foldmultilines=false

Environment Variables:
PATH=C:/Users/cjoro/Downloads/eclipse-jee-2025-03-R-win32-x86_64/eclipse//plugins/org.eclipse.justj.openjdk.hotspot.jre.full.win32.x86_64_21.0.6.v20250130-0529/jre/bin/server;C:/Users/cjoro/Downloads/eclipse-jee-2025-03-R-win32-x86_64/eclipse//plugins/org.eclipse.justj.openjdk.hotspot.jre.full.win32.x86_64_21.0.6.v20250130-0529/jre/bin;C:\Program Files\Common Files\Oracle\Java\javapath;C:\Program Files (x86)\Common Files\Oracle\Java\java8path;C:\Program Files (x86)\Common Files\Oracle\Java\javapath;C:\WINDOWS\system32;C:\WINDOWS;C:\WINDOWS\System32\Wbem;C:\WINDOWS\System32\WindowsPowerShell\v1.0\;C:\WINDOWS\System32\OpenSSH\;C:\Program Files\NVIDIA Corporation\NVIDIA NvDLISR;C:\Program Files (x86)\NVIDIA Corporation\PhysX\Common;C:\Program Files\dotnet\;C:\Program Files\Git\cmd;C:\Users\cjoro\AppData\Local\Microsoft\WindowsApps;C:\Users\cjoro\AppData\Local\Programs\Microsoft VS Code\bin;C:\Users\cjoro\Downloads\eclipse-jee-2025-03-R-win32-x86_64\eclipse;
USERNAME=cjoro
OS=Windows_NT
PROCESSOR_IDENTIFIER=AMD64 Family 23 Model 113 Stepping 0, AuthenticAMD
TMP=C:\Users\cjoro\AppData\Local\Temp
TEMP=C:\Users\cjoro\AppData\Local\Temp




Periodic native trim disabled

---------------  S Y S T E M  ---------------

OS:
 Windows 11 , 64 bit Build 26100 (10.0.26100.4202)
OS uptime: 0 days 6:15 hours

CPU: total 6 (initial active 6) (6 cores per cpu, 1 threads per core) family 23 model 113 stepping 0 microcode 0x8701033, cx8, cmov, fxsr, mmx, 3dnowpref, sse, sse2, sse3, ssse3, sse4a, sse4.1, sse4.2, popcnt, lzcnt, tsc, tscinvbit, avx, avx2, aes, clmul, bmi1, bmi2, adx, sha, fma, vzeroupper, clflush, clflushopt, rdtscp, rdpid, f16c
Processor Information for the first 6 processors :
  Max Mhz: 3600, Current Mhz: 3600, Mhz Limit: 3600

Memory: 4k page, system-wide physical 16309M (7166M free)
TotalPageFile size 30459M (AvailPageFile size 1M)
current process WorkingSet (physical memory assigned to process): 96M, peak: 96M
current process commit charge ("private bytes"): 383M, peak: 383M

vm_info: OpenJDK 64-Bit Server VM (21.0.6+7-LTS) for windows-amd64 JRE (21.0.6+7-LTS), built on 2025-01-21T00:00:00Z by "admin" with MS VC++ 17.7 (VS2022)

END.
